{"level":"info","service":"go-grafana","method":"GET","path":"/metrics","status":200,"latency":1.867173,"time":"2026-02-02T16:35:24+07:00","message":"http_request"}
{"level":"info","service":"go-grafana","method":"GET","path":"/metrics","status":200,"latency":2.414091,"time":"2026-02-02T16:35:34+07:00","message":"http_request"}
{"level":"info","service":"go-grafana","method":"GET","path":"/metrics","status":200,"latency":2.021109,"time":"2026-02-02T16:35:44+07:00","message":"http_request"}
{"level":"info","service":"go-grafana","method":"GET","path":"/metrics","status":200,"latency":1.132171,"time":"2026-02-02T16:35:54+07:00","message":"http_request"}
{"level":"info","service":"go-grafana","method":"GET","path":"/metrics","status":200,"latency":2.274017,"time":"2026-02-02T16:35:57+07:00","message":"http_request"}
{"level":"info","service":"go-grafana","method":"GET","path":"/error","status":500,"latency":0.342987,"time":"2026-02-02T16:35:59+07:00","message":"http_request"}
{"level":"info","service":"go-grafana","method":"GET","path":"/metrics","status":200,"latency":4.490081,"time":"2026-02-02T16:36:01+07:00","message":"http_request"}
{"level":"info","service":"go-grafana","method":"GET","path":"/metrics","status":200,"latency":1.202801,"time":"2026-02-02T16:36:04+07:00","message":"http_request"}
{"level":"info","service":"go-grafana","method":"GET","path":"/metrics","status":200,"latency":2.122779,"time":"2026-02-02T16:36:14+07:00","message":"http_request"}
{"level":"info","service":"go-grafana","method":"GET","path":"/users","status":200,"latency":0.065692,"time":"2026-02-02T16:36:19+07:00","message":"http_request"}
{"level":"info","service":"go-grafana","method":"GET","path":"/users","status":200,"latency":0.043231,"time":"2026-02-02T16:36:21+07:00","message":"http_request"}
{"level":"info","service":"go-grafana","method":"GET","path":"/users","status":200,"latency":0.035343,"time":"2026-02-02T16:36:22+07:00","message":"http_request"}
{"level":"info","service":"go-grafana","method":"GET","path":"/metrics","status":200,"latency":1.694472,"time":"2026-02-02T16:36:24+07:00","message":"http_request"}
{"level":"info","service":"go-grafana","method":"GET","path":"/metrics","status":200,"latency":3.409066,"time":"2026-02-02T16:36:34+07:00","message":"http_request"}
{"level":"info","service":"go-grafana","method":"GET","path":"/metrics","status":200,"latency":1.848141,"time":"2026-02-02T16:36:44+07:00","message":"http_request"}
{"level":"info","service":"go-grafana","method":"GET","path":"/metrics","status":200,"latency":2.967763,"time":"2026-02-02T16:36:54+07:00","message":"http_request"}
{"level":"info","service":"go-grafana","method":"GET","path":"/metrics","status":200,"latency":3.074595,"time":"2026-02-02T16:37:04+07:00","message":"http_request"}
{"level":"info","service":"go-grafana","method":"GET","path":"/metrics","status":200,"latency":4.716428,"time":"2026-02-02T16:37:14+07:00","message":"http_request"}
{"level":"info","service":"go-grafana","method":"GET","path":"/metrics","status":200,"latency":1.09013,"time":"2026-02-02T16:37:24+07:00","message":"http_request"}
{"level":"info","service":"go-grafana","method":"GET","path":"/metrics","status":200,"latency":2.179007,"time":"2026-02-02T16:37:34+07:00","message":"http_request"}
{"level":"info","service":"go-grafana","method":"GET","path":"/metrics","status":200,"latency":2.866773,"time":"2026-02-02T16:37:44+07:00","message":"http_request"}
{"level":"info","service":"go-grafana","method":"GET","path":"/metrics","status":200,"latency":2.374476,"time":"2026-02-02T16:37:55+07:00","message":"http_request"}
{"level":"info","service":"go-grafana","method":"GET","path":"/metrics","status":200,"latency":4.85592,"time":"2026-02-02T16:38:05+07:00","message":"http_request"}
{"level":"info","service":"go-grafana","method":"GET","path":"/metrics","status":200,"latency":2.075287,"time":"2026-02-02T16:38:15+07:00","message":"http_request"}
{"level":"info","service":"go-grafana","method":"GET","path":"/users","status":200,"latency":0.248017,"time":"2026-02-02T16:38:24+07:00","message":"http_request"}
{"level":"info","service":"go-grafana","method":"GET","path":"/metrics","status":200,"latency":2.111189,"time":"2026-02-02T16:38:25+07:00","message":"http_request"}
{"level":"info","service":"go-grafana","method":"GET","path":"/metrics","status":200,"latency":5.767913,"time":"2026-02-02T16:38:35+07:00","message":"http_request"}
{"level":"info","service":"go-grafana","method":"GET","path":"/metrics","status":200,"latency":1.632454,"time":"2026-02-02T16:38:45+07:00","message":"http_request"}
{"level":"info","service":"go-grafana","method":"GET","path":"/metrics","status":200,"latency":1.906026,"time":"2026-02-02T16:38:55+07:00","message":"http_request"}
{"level":"info","service":"go-grafana","method":"GET","path":"/metrics","status":200,"latency":1.070636,"time":"2026-02-02T16:39:05+07:00","message":"http_request"}
{"level":"info","service":"go-grafana","method":"GET","path":"/metrics","status":200,"latency":1.31637,"time":"2026-02-02T16:39:15+07:00","message":"http_request"}
{"level":"info","service":"go-grafana","method":"GET","path":"/metrics","status":200,"latency":5.878414,"time":"2026-02-02T16:39:25+07:00","message":"http_request"}
{"level":"info","service":"go-grafana","method":"GET","path":"/metrics","status":200,"latency":4.04458,"time":"2026-02-02T16:39:35+07:00","message":"http_request"}
{"level":"info","service":"go-grafana","method":"GET","path":"/metrics","status":200,"latency":2.30367,"time":"2026-02-02T16:39:45+07:00","message":"http_request"}
{"level":"info","service":"go-grafana","method":"GET","path":"/metrics","status":200,"latency":3.99916,"time":"2026-02-02T16:39:55+07:00","message":"http_request"}
{"level":"info","service":"go-grafana","method":"GET","path":"/metrics","status":200,"latency":2.73441,"time":"2026-02-02T16:40:05+07:00","message":"http_request"}
{"level":"info","service":"go-grafana","method":"GET","path":"/metrics","status":200,"latency":16.191945,"time":"2026-02-02T16:40:15+07:00","message":"http_request"}
{"level":"info","service":"go-grafana","method":"GET","path":"/metrics","status":200,"latency":1.257436,"time":"2026-02-02T16:40:25+07:00","message":"http_request"}
{"level":"info","service":"go-grafana","method":"GET","path":"/metrics","status":200,"latency":1.947445,"time":"2026-02-02T16:40:35+07:00","message":"http_request"}
{"level":"info","service":"go-grafana","method":"GET","path":"/users","status":200,"latency":0.477569,"time":"2026-02-02T16:40:40+07:00","message":"http_request"}
{"level":"info","service":"go-grafana","method":"GET","path":"/metrics","status":200,"latency":2.037483,"time":"2026-02-02T16:40:45+07:00","message":"http_request"}
{"level":"info","service":"go-grafana","method":"GET","path":"/metrics","status":200,"latency":1.609283,"time":"2026-02-02T16:40:55+07:00","message":"http_request"}
{"level":"info","service":"go-grafana","method":"GET","path":"/metrics","status":200,"latency":2.52463,"time":"2026-02-02T16:41:05+07:00","message":"http_request"}
{"level":"info","service":"go-grafana","method":"GET","path":"/metrics","status":200,"latency":2.18418,"time":"2026-02-02T16:41:15+07:00","message":"http_request"}
{"level":"info","service":"go-grafana","method":"GET","path":"/metrics","status":200,"latency":0.946811,"time":"2026-02-02T16:41:25+07:00","message":"http_request"}
{"level":"info","service":"go-grafana","method":"GET","path":"/metrics","status":200,"latency":3.860811,"time":"2026-02-02T16:41:35+07:00","message":"http_request"}
{"level":"info","service":"go-grafana","method":"GET","path":"/metrics","status":200,"latency":1.704984,"time":"2026-02-02T16:41:45+07:00","message":"http_request"}
{"level":"info","service":"go-grafana","method":"GET","path":"/metrics","status":200,"latency":1.691459,"time":"2026-02-02T16:41:55+07:00","message":"http_request"}
{"level":"info","service":"go-grafana","method":"GET","path":"/metrics","status":200,"latency":0.953381,"time":"2026-02-02T16:42:05+07:00","message":"http_request"}
{"level":"info","service":"go-grafana","method":"GET","path":"/metrics","status":200,"latency":0.81473,"time":"2026-02-02T16:42:15+07:00","message":"http_request"}
{"level":"info","service":"go-grafana","method":"GET","path":"/metrics","status":200,"latency":0.972344,"time":"2026-02-02T16:42:25+07:00","message":"http_request"}
{"level":"info","service":"go-grafana","method":"GET","path":"/metrics","status":200,"latency":1.918671,"time":"2026-02-02T16:42:35+07:00","message":"http_request"}
{"level":"info","service":"go-grafana","method":"GET","path":"/metrics","status":200,"latency":1.410473,"time":"2026-02-02T16:42:45+07:00","message":"http_request"}
{"level":"info","service":"go-grafana","method":"GET","path":"/metrics","status":200,"latency":2.382612,"time":"2026-02-02T16:42:55+07:00","message":"http_request"}
{"level":"info","service":"go-grafana","method":"GET","path":"/metrics","status":200,"latency":2.087826,"time":"2026-02-02T16:43:05+07:00","message":"http_request"}
{"level":"info","service":"go-grafana","method":"GET","path":"/metrics","status":200,"latency":6.907013,"time":"2026-02-02T16:43:15+07:00","message":"http_request"}
{"level":"info","service":"go-grafana","method":"GET","path":"/metrics","status":200,"latency":1.88115,"time":"2026-02-02T16:43:25+07:00","message":"http_request"}
{"level":"info","service":"go-grafana","method":"GET","path":"/metrics","status":200,"latency":1.59606,"time":"2026-02-02T16:43:35+07:00","message":"http_request"}
{"level":"info","service":"go-grafana","method":"GET","path":"/metrics","status":200,"latency":1.605287,"time":"2026-02-02T16:43:45+07:00","message":"http_request"}
{"level":"info","service":"go-grafana","method":"GET","path":"/metrics","status":200,"latency":1.480382,"time":"2026-02-02T16:43:55+07:00","message":"http_request"}
{"level":"info","service":"go-grafana","method":"GET","path":"/metrics","status":200,"latency":0.813941,"time":"2026-02-02T16:44:05+07:00","message":"http_request"}
{"level":"info","service":"go-grafana","method":"GET","path":"/metrics","status":200,"latency":0.958834,"time":"2026-02-02T16:44:15+07:00","message":"http_request"}
{"level":"info","service":"go-grafana","method":"GET","path":"/metrics","status":200,"latency":1.959656,"time":"2026-02-02T16:44:25+07:00","message":"http_request"}
{"level":"info","service":"go-grafana","method":"GET","path":"/metrics","status":200,"latency":1.472899,"time":"2026-02-02T16:44:35+07:00","message":"http_request"}
{"level":"info","service":"go-grafana","method":"GET","path":"/metrics","status":200,"latency":1.139722,"time":"2026-02-02T16:44:45+07:00","message":"http_request"}
{"level":"info","service":"go-grafana","method":"GET","path":"/metrics","status":200,"latency":2.532251,"time":"2026-02-02T16:44:55+07:00","message":"http_request"}
{"level":"info","service":"go-grafana","method":"GET","path":"/metrics","status":200,"latency":1.30568,"time":"2026-02-02T16:45:05+07:00","message":"http_request"}
{"level":"info","service":"go-grafana","method":"GET","path":"/metrics","status":200,"latency":0.775757,"time":"2026-02-02T16:45:15+07:00","message":"http_request"}
{"level":"info","service":"go-grafana","method":"GET","path":"/metrics","status":200,"latency":2.924131,"time":"2026-02-02T16:45:25+07:00","message":"http_request"}
{"level":"info","service":"go-grafana","method":"GET","path":"/metrics","status":200,"latency":1.882322,"time":"2026-02-02T16:45:35+07:00","message":"http_request"}
{"level":"info","service":"go-grafana","method":"GET","path":"/metrics","status":200,"latency":1.594526,"time":"2026-02-02T16:45:45+07:00","message":"http_request"}
{"level":"info","service":"go-grafana","method":"GET","path":"/metrics","status":200,"latency":1.783718,"time":"2026-02-02T16:45:55+07:00","message":"http_request"}
{"level":"info","service":"go-grafana","method":"GET","path":"/metrics","status":200,"latency":2.017282,"time":"2026-02-02T16:46:05+07:00","message":"http_request"}
{"level":"info","service":"go-grafana","method":"GET","path":"/metrics","status":200,"latency":0.787373,"time":"2026-02-02T16:46:15+07:00","message":"http_request"}
{"level":"info","service":"go-grafana","method":"GET","path":"/metrics","status":200,"latency":2.667714,"time":"2026-02-02T16:46:25+07:00","message":"http_request"}
{"level":"info","service":"go-grafana","method":"GET","path":"/metrics","status":200,"latency":1.028025,"time":"2026-02-02T16:46:35+07:00","message":"http_request"}
{"level":"info","service":"go-grafana","method":"GET","path":"/metrics","status":200,"latency":1.962273,"time":"2026-02-02T16:46:45+07:00","message":"http_request"}
{"level":"info","service":"go-grafana","method":"GET","path":"/metrics","status":200,"latency":0.935853,"time":"2026-02-02T16:46:55+07:00","message":"http_request"}
{"level":"info","service":"go-grafana","method":"GET","path":"/metrics","status":200,"latency":0.922861,"time":"2026-02-02T16:47:05+07:00","message":"http_request"}
{"level":"info","service":"go-grafana","method":"GET","path":"/metrics","status":200,"latency":1.369014,"time":"2026-02-02T16:47:15+07:00","message":"http_request"}
{"level":"info","service":"go-grafana","method":"GET","path":"/metrics","status":200,"latency":1.853074,"time":"2026-02-02T16:47:25+07:00","message":"http_request"}
{"level":"info","service":"go-grafana","method":"GET","path":"/metrics","status":200,"latency":0.7244,"time":"2026-02-02T16:47:36+07:00","message":"http_request"}
{"level":"info","service":"go-grafana","method":"GET","path":"/metrics","status":200,"latency":1.865305,"time":"2026-02-02T16:47:46+07:00","message":"http_request"}
{"level":"info","service":"go-grafana","method":"GET","path":"/metrics","status":200,"latency":1.982419,"time":"2026-02-02T16:47:56+07:00","message":"http_request"}
{"level":"info","service":"go-grafana","method":"GET","path":"/metrics","status":200,"latency":1.596555,"time":"2026-02-02T16:48:06+07:00","message":"http_request"}
{"level":"info","service":"go-grafana","method":"GET","path":"/metrics","status":200,"latency":1.400582,"time":"2026-02-02T16:48:16+07:00","message":"http_request"}
{"level":"info","service":"go-grafana","method":"GET","path":"/metrics","status":200,"latency":2.968069,"time":"2026-02-02T16:48:26+07:00","message":"http_request"}
{"level":"info","service":"go-grafana","method":"GET","path":"/metrics","status":200,"latency":1.616222,"time":"2026-02-02T16:48:36+07:00","message":"http_request"}
{"level":"info","service":"go-grafana","method":"GET","path":"/metrics","status":200,"latency":0.954765,"time":"2026-02-02T16:48:46+07:00","message":"http_request"}
{"level":"info","service":"go-grafana","method":"GET","path":"/metrics","status":200,"latency":1.577851,"time":"2026-02-02T16:48:56+07:00","message":"http_request"}
{"level":"info","service":"go-grafana","method":"GET","path":"/metrics","status":200,"latency":2.371042,"time":"2026-02-02T16:49:06+07:00","message":"http_request"}
{"level":"info","service":"go-grafana","method":"GET","path":"/metrics","status":200,"latency":1.399282,"time":"2026-02-02T16:49:15+07:00","message":"http_request"}
{"level":"info","service":"go-grafana","method":"GET","path":"/metrics","status":200,"latency":2.509458,"time":"2026-02-02T16:49:16+07:00","message":"http_request"}
{"level":"info","service":"go-grafana","method":"GET","path":"/users","status":200,"latency":0.083561,"time":"2026-02-02T16:49:21+07:00","message":"http_request"}
{"level":"info","service":"go-grafana","method":"GET","path":"/metrics","status":200,"latency":1.764557,"time":"2026-02-02T16:49:26+07:00","message":"http_request"}
{"level":"info","service":"go-grafana","method":"GET","path":"/metrics","status":200,"latency":1.278673,"time":"2026-02-02T16:49:36+07:00","message":"http_request"}
{"level":"info","service":"go-grafana","method":"GET","path":"/metrics","status":200,"latency":1.913464,"time":"2026-02-02T16:49:46+07:00","message":"http_request"}
{"level":"info","service":"go-grafana","method":"GET","path":"/metrics","status":200,"latency":1.456778,"time":"2026-02-02T16:49:56+07:00","message":"http_request"}
{"level":"info","service":"go-grafana","method":"GET","path":"/metrics","status":200,"latency":0.813229,"time":"2026-02-02T16:50:06+07:00","message":"http_request"}
{"level":"info","service":"go-grafana","method":"GET","path":"/metrics","status":200,"latency":0.724366,"time":"2026-02-02T16:50:16+07:00","message":"http_request"}
{"level":"info","service":"go-grafana","method":"GET","path":"/metrics","status":200,"latency":0.803023,"time":"2026-02-02T16:50:26+07:00","message":"http_request"}
{"level":"info","service":"go-grafana","method":"GET","path":"/metrics","status":200,"latency":3.143931,"time":"2026-02-02T16:50:36+07:00","message":"http_request"}
{"level":"info","service":"go-grafana","method":"GET","path":"/metrics","status":200,"latency":2.114755,"time":"2026-02-02T16:50:46+07:00","message":"http_request"}
{"level":"info","service":"go-grafana","method":"GET","path":"/metrics","status":200,"latency":2.445326,"time":"2026-02-02T16:50:56+07:00","message":"http_request"}
{"level":"info","service":"go-grafana","method":"GET","path":"/metrics","status":200,"latency":1.693387,"time":"2026-02-02T16:51:06+07:00","message":"http_request"}
{"level":"info","service":"go-grafana","method":"GET","path":"/metrics","status":200,"latency":1.663996,"time":"2026-02-02T16:51:16+07:00","message":"http_request"}
{"level":"info","service":"go-grafana","method":"GET","path":"/metrics","status":200,"latency":2.056505,"time":"2026-02-02T16:51:26+07:00","message":"http_request"}
{"level":"info","service":"go-grafana","method":"GET","path":"/users","status":200,"latency":0.102635,"time":"2026-02-02T16:51:34+07:00","message":"http_request"}
{"level":"info","service":"go-grafana","method":"GET","path":"/metrics","status":200,"latency":1.730565,"time":"2026-02-02T16:51:36+07:00","message":"http_request"}
{"level":"info","service":"go-grafana","method":"GET","path":"/error","status":500,"latency":0.064361,"time":"2026-02-02T16:51:43+07:00","message":"http_request"}
{"level":"info","service":"go-grafana","method":"GET","path":"/metrics","status":200,"latency":2.088336,"time":"2026-02-02T16:51:46+07:00","message":"http_request"}
{"level":"info","service":"go-grafana","method":"GET","path":"/metrics","status":200,"latency":1.672892,"time":"2026-02-02T16:51:56+07:00","message":"http_request"}
{"level":"info","service":"go-grafana","method":"GET","path":"/metrics","status":200,"latency":3.159143,"time":"2026-02-02T16:52:06+07:00","message":"http_request"}
{"level":"info","service":"go-grafana","method":"GET","path":"/metrics","status":200,"latency":1.497792,"time":"2026-02-02T16:52:16+07:00","message":"http_request"}
{"level":"info","service":"go-grafana","method":"GET","path":"/metrics","status":200,"latency":0.824657,"time":"2026-02-02T16:52:26+07:00","message":"http_request"}
{"level":"info","service":"go-grafana","method":"GET","path":"/metrics","status":200,"latency":1.104249,"time":"2026-02-02T16:52:36+07:00","message":"http_request"}
{"level":"info","service":"go-grafana","method":"GET","path":"/metrics","status":200,"latency":2.351114,"time":"2026-02-02T16:52:46+07:00","message":"http_request"}
{"level":"info","service":"go-grafana","method":"GET","path":"/metrics","status":200,"latency":0.748275,"time":"2026-02-02T16:52:56+07:00","message":"http_request"}
{"level":"info","service":"go-grafana","method":"GET","path":"/metrics","status":200,"latency":3.56197,"time":"2026-02-02T16:53:06+07:00","message":"http_request"}
{"level":"info","service":"go-grafana","method":"GET","path":"/metrics","status":200,"latency":0.979943,"time":"2026-02-02T16:53:16+07:00","message":"http_request"}
{"level":"info","service":"go-grafana","method":"GET","path":"/metrics","status":200,"latency":2.142673,"time":"2026-02-02T16:53:26+07:00","message":"http_request"}
{"level":"info","service":"go-grafana","method":"GET","path":"/metrics","status":200,"latency":1.983342,"time":"2026-02-02T16:53:36+07:00","message":"http_request"}
{"level":"info","service":"go-grafana","method":"GET","path":"/metrics","status":200,"latency":3.062104,"time":"2026-02-02T16:53:46+07:00","message":"http_request"}
{"level":"info","service":"go-grafana","method":"GET","path":"/metrics","status":200,"latency":2.319171,"time":"2026-02-02T16:53:56+07:00","message":"http_request"}
{"level":"info","service":"go-grafana","method":"GET","path":"/metrics","status":200,"latency":2.700389,"time":"2026-02-02T16:54:06+07:00","message":"http_request"}
{"level":"info","service":"go-grafana","method":"GET","path":"/metrics","status":200,"latency":1.708343,"time":"2026-02-02T16:54:16+07:00","message":"http_request"}
{"level":"info","service":"go-grafana","method":"GET","path":"/metrics","status":200,"latency":3.578987,"time":"2026-02-02T16:54:26+07:00","message":"http_request"}
{"level":"info","service":"go-grafana","method":"GET","path":"/metrics","status":200,"latency":0.743672,"time":"2026-02-02T16:54:36+07:00","message":"http_request"}
{"level":"info","service":"go-grafana","method":"GET","path":"/metrics","status":200,"latency":1.560305,"time":"2026-02-02T16:54:46+07:00","message":"http_request"}
{"level":"info","service":"go-grafana","method":"GET","path":"/metrics","status":200,"latency":1.17771,"time":"2026-02-02T16:54:56+07:00","message":"http_request"}
{"level":"info","service":"go-grafana","method":"GET","path":"/metrics","status":200,"latency":0.831657,"time":"2026-02-02T16:55:06+07:00","message":"http_request"}
{"level":"info","service":"go-grafana","method":"GET","path":"/metrics","status":200,"latency":2.136331,"time":"2026-02-02T16:55:16+07:00","message":"http_request"}
{"level":"info","service":"go-grafana","method":"GET","path":"/metrics","status":200,"latency":1.019167,"time":"2026-02-02T16:55:26+07:00","message":"http_request"}
{"level":"info","service":"go-grafana","method":"GET","path":"/metrics","status":200,"latency":0.99442,"time":"2026-02-02T16:55:37+07:00","message":"http_request"}
{"level":"info","service":"go-grafana","method":"GET","path":"/metrics","status":200,"latency":2.135138,"time":"2026-02-02T16:55:47+07:00","message":"http_request"}
{"level":"info","service":"go-grafana","method":"GET","path":"/metrics","status":200,"latency":3.617138,"time":"2026-02-02T16:55:57+07:00","message":"http_request"}
{"level":"info","service":"go-grafana","method":"GET","path":"/metrics","status":200,"latency":1.670808,"time":"2026-02-02T16:56:07+07:00","message":"http_request"}
{"level":"info","service":"go-grafana","method":"GET","path":"/metrics","status":200,"latency":2.101631,"time":"2026-02-02T16:56:17+07:00","message":"http_request"}
{"level":"info","service":"go-grafana","method":"GET","path":"/metrics","status":200,"latency":1.858323,"time":"2026-02-02T16:56:27+07:00","message":"http_request"}
{"level":"info","service":"go-grafana","method":"GET","path":"/metrics","status":200,"latency":0.713564,"time":"2026-02-02T16:56:37+07:00","message":"http_request"}
{"level":"info","service":"go-grafana","method":"GET","path":"/metrics","status":200,"latency":2.59621,"time":"2026-02-02T16:56:47+07:00","message":"http_request"}
{"level":"info","service":"go-grafana","method":"GET","path":"/metrics","status":200,"latency":1.777322,"time":"2026-02-02T16:56:57+07:00","message":"http_request"}
{"level":"info","service":"go-grafana","method":"GET","path":"/metrics","status":200,"latency":6.031057,"time":"2026-02-02T16:57:07+07:00","message":"http_request"}
{"level":"info","service":"go-grafana","method":"GET","path":"/metrics","status":200,"latency":2.120905,"time":"2026-02-02T16:57:17+07:00","message":"http_request"}
{"level":"info","service":"go-grafana","method":"GET","path":"/metrics","status":200,"latency":1.872169,"time":"2026-02-02T16:57:27+07:00","message":"http_request"}
{"level":"info","service":"go-grafana","method":"GET","path":"/metrics","status":200,"latency":1.970077,"time":"2026-02-02T16:57:37+07:00","message":"http_request"}
{"level":"info","service":"go-grafana","method":"GET","path":"/metrics","status":200,"latency":2.262538,"time":"2026-02-02T16:57:47+07:00","message":"http_request"}
{"level":"info","service":"go-grafana","method":"GET","path":"/metrics","status":200,"latency":2.055611,"time":"2026-02-02T16:57:57+07:00","message":"http_request"}
{"level":"info","service":"go-grafana","method":"GET","path":"/metrics","status":200,"latency":5.675474,"time":"2026-02-02T16:58:07+07:00","message":"http_request"}
{"level":"info","service":"go-grafana","method":"GET","path":"/metrics","status":200,"latency":2.246081,"time":"2026-02-02T16:58:17+07:00","message":"http_request"}
{"level":"info","service":"go-grafana","method":"GET","path":"/metrics","status":200,"latency":1.615182,"time":"2026-02-02T16:58:27+07:00","message":"http_request"}
{"level":"info","service":"go-grafana","method":"GET","path":"/metrics","status":200,"latency":2.366552,"time":"2026-02-02T16:58:37+07:00","message":"http_request"}
{"level":"info","service":"go-grafana","method":"GET","path":"/users","status":200,"latency":0.175647,"time":"2026-02-02T16:58:39+07:00","message":"http_request"}
{"level":"info","service":"go-grafana","method":"GET","path":"/metrics","status":200,"latency":1.706181,"time":"2026-02-02T16:58:47+07:00","message":"http_request"}
{"level":"info","service":"go-grafana","method":"GET","path":"","status":404,"latency":0.047491,"error":"Not Found","time":"2026-02-02T16:58:48+07:00","message":"http_request"}
{"level":"error","service":"go-grafana","error":"Manual trigger error for testing","method":"GET","path":"/error","status":500,"time":"2026-02-02T16:58:50+07:00","message":"An error occurred in /error endpoint"}
{"level":"info","service":"go-grafana","method":"GET","path":"/error","status":500,"latency":0.692609,"time":"2026-02-02T16:58:50+07:00","message":"http_request"}
{"level":"error","service":"go-grafana","error":"Manual trigger error for testing","method":"GET","path":"/error","status":500,"time":"2026-02-02T16:58:50+07:00","message":"An error occurred in /error endpoint"}
{"level":"info","service":"go-grafana","method":"GET","path":"/error","status":500,"latency":0.681335,"time":"2026-02-02T16:58:50+07:00","message":"http_request"}
{"level":"info","service":"go-grafana","method":"GET","path":"/metrics","status":200,"latency":1.473922,"time":"2026-02-02T16:58:57+07:00","message":"http_request"}
{"level":"info","service":"go-grafana","method":"GET","path":"/metrics","status":200,"latency":3.343676,"time":"2026-02-02T16:59:07+07:00","message":"http_request"}
{"level":"info","service":"go-grafana","method":"GET","path":"/metrics","status":200,"latency":1.965388,"time":"2026-02-02T16:59:17+07:00","message":"http_request"}
{"level":"error","service":"go-grafana","error":"Manual trigger error for testing","method":"GET","path":"/error","status":500,"time":"2026-02-02T16:59:26+07:00","message":"An error occurred in /error endpoint"}
{"level":"info","service":"go-grafana","method":"GET","path":"/error","status":500,"latency":0.612689,"time":"2026-02-02T16:59:26+07:00","message":"http_request"}
{"level":"info","service":"go-grafana","method":"GET","path":"/metrics","status":200,"latency":3.92924,"time":"2026-02-02T16:59:27+07:00","message":"http_request"}
{"level":"info","service":"go-grafana","method":"GET","path":"/metrics","status":200,"latency":2.051196,"time":"2026-02-02T16:59:37+07:00","message":"http_request"}
{"level":"info","service":"go-grafana","method":"GET","path":"/metrics","status":200,"latency":1.491266,"time":"2026-02-02T16:59:47+07:00","message":"http_request"}
{"level":"info","service":"go-grafana","method":"GET","path":"/metrics","status":200,"latency":1.819605,"time":"2026-02-02T16:59:57+07:00","message":"http_request"}
{"level":"info","service":"go-grafana","method":"GET","path":"/metrics","status":200,"latency":1.273022,"time":"2026-02-02T17:00:07+07:00","message":"http_request"}
{"level":"info","service":"go-grafana","method":"GET","path":"/metrics","status":200,"latency":1.945354,"time":"2026-02-02T17:00:17+07:00","message":"http_request"}
{"level":"info","service":"go-grafana","method":"GET","path":"/metrics","status":200,"latency":2.295178,"time":"2026-02-02T17:00:27+07:00","message":"http_request"}
{"level":"info","service":"go-grafana","method":"GET","path":"/metrics","status":200,"latency":2.167527,"time":"2026-02-02T17:00:37+07:00","message":"http_request"}
{"level":"info","service":"go-grafana","method":"GET","path":"/metrics","status":200,"latency":3.064413,"time":"2026-02-03T08:24:21+07:00","message":"http_request"}
{"level":"info","service":"go-grafana","method":"GET","path":"/health","status":200,"latency":0.175171,"time":"2026-02-03T08:24:22+07:00","message":"http_request"}
{"level":"info","service":"go-grafana","method":"GET","path":"/metrics","status":200,"latency":1.396287,"time":"2026-02-03T08:24:31+07:00","message":"http_request"}
{"level":"info","service":"go-grafana","method":"GET","path":"/metrics","status":200,"latency":1.841365,"time":"2026-02-03T08:24:41+07:00","message":"http_request"}
{"level":"info","service":"go-grafana","method":"GET","path":"/metrics","status":200,"latency":2.445936,"time":"2026-02-03T08:24:51+07:00","message":"http_request"}
{"level":"info","service":"go-grafana","method":"GET","path":"/metrics","status":200,"latency":1.701425,"time":"2026-02-03T08:25:01+07:00","message":"http_request"}
{"level":"info","service":"go-grafana","method":"GET","path":"/metrics","status":200,"latency":0.784688,"time":"2026-02-03T08:25:11+07:00","message":"http_request"}
{"level":"info","service":"go-grafana","method":"GET","path":"/health","status":200,"latency":0.047659,"time":"2026-02-03T08:25:18+07:00","message":"http_request"}
{"level":"info","service":"go-grafana","method":"GET","path":"","status":404,"latency":0.160097,"error":"Not Found","time":"2026-02-03T08:25:18+07:00","message":"http_request"}
{"level":"info","service":"go-grafana","method":"GET","path":"/metrics","status":200,"latency":6.579242,"time":"2026-02-03T08:25:21+07:00","message":"http_request"}
{"level":"info","service":"go-grafana","method":"GET","path":"/metrics","status":200,"latency":2.540436,"time":"2026-02-03T08:25:31+07:00","message":"http_request"}
{"level":"info","service":"go-grafana","method":"GET","path":"/users","status":200,"latency":0.094085,"time":"2026-02-03T08:25:34+07:00","message":"http_request"}
{"level":"info","service":"go-grafana","method":"GET","path":"/metrics","status":200,"latency":2.269739,"time":"2026-02-03T08:25:41+07:00","message":"http_request"}
{"level":"info","service":"go-grafana","method":"GET","path":"/metrics","status":200,"latency":2.70693,"time":"2026-02-03T08:25:51+07:00","message":"http_request"}
{"level":"error","service":"go-grafana","error":"Manual trigger error for testing","method":"GET","path":"/error","status":500,"time":"2026-02-03T08:25:57+07:00","message":"An error occurred in /error endpoint"}
{"level":"info","service":"go-grafana","method":"GET","path":"/error","status":500,"latency":0.691369,"time":"2026-02-03T08:25:57+07:00","message":"http_request"}
{"level":"error","service":"go-grafana","error":"Manual trigger error for testing","method":"GET","path":"/error","status":500,"time":"2026-02-03T08:25:58+07:00","message":"An error occurred in /error endpoint"}
{"level":"info","service":"go-grafana","method":"GET","path":"/error","status":500,"latency":0.606138,"time":"2026-02-03T08:25:58+07:00","message":"http_request"}
{"level":"info","service":"go-grafana","method":"GET","path":"/metrics","status":200,"latency":2.219627,"time":"2026-02-03T08:26:01+07:00","message":"http_request"}
{"level":"info","service":"go-grafana","method":"GET","path":"/metrics","status":200,"latency":1.464127,"time":"2026-02-03T08:26:11+07:00","message":"http_request"}
{"level":"info","service":"go-grafana","method":"GET","path":"/metrics","status":200,"latency":0.977601,"time":"2026-02-03T08:26:21+07:00","message":"http_request"}
{"level":"error","service":"go-grafana","error":"Manual trigger error for testing","method":"GET","path":"/error","status":500,"time":"2026-02-03T08:26:29+07:00","message":"An error occurred in /error endpoint"}
{"level":"info","service":"go-grafana","method":"GET","path":"/error","status":500,"latency":1.582641,"time":"2026-02-03T08:26:29+07:00","message":"http_request"}
{"level":"info","service":"go-grafana","method":"GET","path":"/metrics","status":200,"latency":1.968452,"time":"2026-02-03T08:26:31+07:00","message":"http_request"}
{"level":"info","service":"go-grafana","method":"GET","path":"/metrics","status":200,"latency":3.921558,"time":"2026-02-03T08:26:41+07:00","message":"http_request"}
{"level":"info","service":"go-grafana","method":"GET","path":"/metrics","status":200,"latency":0.907361,"time":"2026-02-03T08:26:51+07:00","message":"http_request"}
{"level":"info","service":"go-grafana","method":"GET","path":"/metrics","status":200,"latency":1.572858,"time":"2026-02-03T08:27:01+07:00","message":"http_request"}
{"level":"info","service":"go-grafana","method":"GET","path":"/metrics","status":200,"latency":1.71147,"time":"2026-02-03T08:27:11+07:00","message":"http_request"}
{"level":"info","service":"go-grafana","method":"GET","path":"/metrics","status":200,"latency":1.704144,"time":"2026-02-03T08:27:21+07:00","message":"http_request"}
{"level":"info","service":"go-grafana","method":"GET","path":"/metrics","status":200,"latency":1.959091,"time":"2026-02-03T08:27:31+07:00","message":"http_request"}
{"level":"info","service":"go-grafana","method":"GET","path":"/metrics","status":200,"latency":2.03538,"time":"2026-02-03T08:27:41+07:00","message":"http_request"}
{"level":"info","service":"go-grafana","method":"GET","path":"/metrics","status":200,"latency":2.184586,"time":"2026-02-03T08:27:51+07:00","message":"http_request"}
{"level":"info","service":"go-grafana","method":"GET","path":"/metrics","status":200,"latency":2.20549,"time":"2026-02-03T08:28:01+07:00","message":"http_request"}
{"level":"info","service":"go-grafana","method":"GET","path":"/metrics","status":200,"latency":4.587549,"time":"2026-02-03T08:28:11+07:00","message":"http_request"}
{"level":"info","service":"go-grafana","method":"GET","path":"/metrics","status":200,"latency":1.560885,"time":"2026-02-03T08:28:21+07:00","message":"http_request"}
{"level":"info","service":"go-grafana","method":"GET","path":"/metrics","status":200,"latency":2.968816,"time":"2026-02-03T08:28:31+07:00","message":"http_request"}
{"level":"info","service":"go-grafana","method":"GET","path":"/metrics","status":200,"latency":1.929075,"time":"2026-02-03T08:28:41+07:00","message":"http_request"}
{"level":"info","service":"go-grafana","method":"GET","path":"/metrics","status":200,"latency":1.8134,"time":"2026-02-03T08:28:51+07:00","message":"http_request"}
{"level":"info","service":"go-grafana","method":"GET","path":"/metrics","status":200,"latency":2.097546,"time":"2026-02-03T08:29:01+07:00","message":"http_request"}
{"level":"info","service":"go-grafana","method":"GET","path":"/metrics","status":200,"latency":1.343422,"time":"2026-02-03T08:29:11+07:00","message":"http_request"}
{"level":"info","service":"go-grafana","method":"GET","path":"/metrics","status":200,"latency":2.151184,"time":"2026-02-03T08:29:21+07:00","message":"http_request"}
{"level":"info","service":"go-grafana","method":"GET","path":"/metrics","status":200,"latency":1.967197,"time":"2026-02-03T08:29:31+07:00","message":"http_request"}
{"level":"info","service":"go-grafana","method":"GET","path":"/metrics","status":200,"latency":1.118907,"time":"2026-02-03T08:29:41+07:00","message":"http_request"}
{"level":"info","service":"go-grafana","method":"GET","path":"/metrics","status":200,"latency":1.903468,"time":"2026-02-03T08:29:51+07:00","message":"http_request"}
{"level":"info","service":"go-grafana","method":"GET","path":"/metrics","status":200,"latency":4.984968,"time":"2026-02-03T08:30:01+07:00","message":"http_request"}
{"level":"info","service":"go-grafana","method":"GET","path":"/metrics","status":200,"latency":0.963952,"time":"2026-02-03T08:30:11+07:00","message":"http_request"}
{"level":"info","service":"go-grafana","method":"GET","path":"/metrics","status":200,"latency":2.027536,"time":"2026-02-03T08:30:21+07:00","message":"http_request"}
{"level":"info","service":"go-grafana","method":"GET","path":"/metrics","status":200,"latency":1.150614,"time":"2026-02-03T08:30:31+07:00","message":"http_request"}
{"level":"info","service":"go-grafana","method":"GET","path":"/metrics","status":200,"latency":1.414477,"time":"2026-02-03T08:30:41+07:00","message":"http_request"}
{"level":"info","service":"go-grafana","method":"GET","path":"/metrics","status":200,"latency":1.65543,"time":"2026-02-03T08:30:51+07:00","message":"http_request"}
{"level":"info","service":"go-grafana","method":"GET","path":"/metrics","status":200,"latency":2.159113,"time":"2026-02-03T08:31:01+07:00","message":"http_request"}
{"level":"info","service":"go-grafana","method":"GET","path":"/metrics","status":200,"latency":3.425435,"time":"2026-02-03T08:31:11+07:00","message":"http_request"}
{"level":"info","service":"go-grafana","method":"GET","path":"/metrics","status":200,"latency":1.870529,"time":"2026-02-03T08:31:21+07:00","message":"http_request"}
{"level":"info","service":"go-grafana","method":"GET","path":"/metrics","status":200,"latency":2.048362,"time":"2026-02-03T08:31:31+07:00","message":"http_request"}
{"level":"info","service":"go-grafana","method":"GET","path":"/metrics","status":200,"latency":4.627839,"time":"2026-02-03T08:31:40+07:00","message":"http_request"}
{"level":"info","service":"go-grafana","method":"GET","path":"/metrics","status":200,"latency":1.365896,"time":"2026-02-03T08:31:50+07:00","message":"http_request"}
{"level":"info","service":"go-grafana","method":"GET","path":"/metrics","status":200,"latency":2.17759,"time":"2026-02-03T08:32:00+07:00","message":"http_request"}
{"level":"info","service":"go-grafana","method":"GET","path":"/metrics","status":200,"latency":1.428482,"time":"2026-02-03T08:32:10+07:00","message":"http_request"}
{"level":"info","service":"go-grafana","method":"GET","path":"/metrics","status":200,"latency":1.780413,"time":"2026-02-03T08:32:20+07:00","message":"http_request"}
{"level":"info","service":"go-grafana","method":"GET","path":"/metrics","status":200,"latency":1.087231,"time":"2026-02-03T08:32:30+07:00","message":"http_request"}
{"level":"info","service":"go-grafana","method":"GET","path":"/metrics","status":200,"latency":0.79805,"time":"2026-02-03T08:32:40+07:00","message":"http_request"}
{"level":"info","service":"go-grafana","method":"GET","path":"/metrics","status":200,"latency":2.279511,"time":"2026-02-03T08:32:50+07:00","message":"http_request"}
{"level":"info","service":"go-grafana","method":"GET","path":"/metrics","status":200,"latency":3.189684,"time":"2026-02-03T08:33:00+07:00","message":"http_request"}
{"level":"info","service":"go-grafana","method":"GET","path":"/metrics","status":200,"latency":2.097245,"time":"2026-02-03T08:33:10+07:00","message":"http_request"}
{"level":"info","service":"go-grafana","method":"GET","path":"/metrics","status":200,"latency":1.362559,"time":"2026-02-03T08:33:20+07:00","message":"http_request"}
{"level":"info","service":"go-grafana","method":"GET","path":"/metrics","status":200,"latency":2.247268,"time":"2026-02-03T08:33:30+07:00","message":"http_request"}
{"level":"info","service":"go-grafana","method":"GET","path":"/metrics","status":200,"latency":2.005958,"time":"2026-02-03T08:33:40+07:00","message":"http_request"}
{"level":"info","service":"go-grafana","method":"GET","path":"/metrics","status":200,"latency":0.77548,"time":"2026-02-03T08:33:50+07:00","message":"http_request"}
{"level":"info","service":"go-grafana","method":"GET","path":"/metrics","status":200,"latency":2.193472,"time":"2026-02-03T08:34:00+07:00","message":"http_request"}
{"level":"info","service":"go-grafana","method":"GET","path":"/metrics","status":200,"latency":1.134834,"time":"2026-02-03T08:34:10+07:00","message":"http_request"}
{"level":"info","service":"go-grafana","method":"GET","path":"/metrics","status":200,"latency":2.016766,"time":"2026-02-03T08:34:20+07:00","message":"http_request"}
{"level":"info","service":"go-grafana","method":"GET","path":"/metrics","status":200,"latency":7.992521,"time":"2026-02-03T08:34:30+07:00","message":"http_request"}
{"level":"info","service":"go-grafana","method":"GET","path":"/metrics","status":200,"latency":1.572528,"time":"2026-02-03T08:34:40+07:00","message":"http_request"}
{"level":"info","service":"go-grafana","method":"GET","path":"/metrics","status":200,"latency":2.09491,"time":"2026-02-03T08:34:50+07:00","message":"http_request"}
{"level":"info","service":"go-grafana","method":"GET","path":"/metrics","status":200,"latency":1.256087,"time":"2026-02-03T08:35:00+07:00","message":"http_request"}
{"level":"info","service":"go-grafana","method":"GET","path":"/metrics","status":200,"latency":1.476335,"time":"2026-02-03T08:35:10+07:00","message":"http_request"}
{"level":"info","service":"go-grafana","method":"GET","path":"/metrics","status":200,"latency":1.194582,"time":"2026-02-03T08:35:20+07:00","message":"http_request"}
{"level":"info","service":"go-grafana","method":"GET","path":"/metrics","status":200,"latency":1.724749,"time":"2026-02-03T08:35:30+07:00","message":"http_request"}
{"level":"info","service":"go-grafana","method":"GET","path":"/metrics","status":200,"latency":4.082499,"time":"2026-02-03T08:35:40+07:00","message":"http_request"}
{"level":"info","service":"go-grafana","method":"GET","path":"/metrics","status":200,"latency":2.023751,"time":"2026-02-03T08:35:50+07:00","message":"http_request"}
{"level":"info","service":"go-grafana","method":"GET","path":"/metrics","status":200,"latency":2.001504,"time":"2026-02-03T08:36:00+07:00","message":"http_request"}
{"level":"info","service":"go-grafana","method":"GET","path":"/metrics","status":200,"latency":1.893888,"time":"2026-02-03T08:36:09+07:00","message":"http_request"}
{"level":"info","service":"go-grafana","method":"GET","path":"/metrics","status":200,"latency":1.225575,"time":"2026-02-03T08:36:19+07:00","message":"http_request"}
{"level":"info","service":"go-grafana","method":"GET","path":"/metrics","status":200,"latency":2.161986,"time":"2026-02-03T08:36:29+07:00","message":"http_request"}
{"level":"info","service":"go-grafana","method":"GET","path":"/metrics","status":200,"latency":0.758624,"time":"2026-02-03T08:36:39+07:00","message":"http_request"}
{"level":"info","service":"go-grafana","method":"GET","path":"/metrics","status":200,"latency":1.893198,"time":"2026-02-03T08:36:49+07:00","message":"http_request"}
{"level":"info","service":"go-grafana","method":"GET","path":"/metrics","status":200,"latency":1.713637,"time":"2026-02-03T08:36:59+07:00","message":"http_request"}
{"level":"info","service":"go-grafana","method":"GET","path":"/metrics","status":200,"latency":1.636699,"time":"2026-02-03T08:37:09+07:00","message":"http_request"}
{"level":"info","service":"go-grafana","method":"GET","path":"/metrics","status":200,"latency":2.685624,"time":"2026-02-03T08:37:19+07:00","message":"http_request"}
{"level":"info","service":"go-grafana","method":"GET","path":"/metrics","status":200,"latency":1.977828,"time":"2026-02-03T08:37:29+07:00","message":"http_request"}
{"level":"info","service":"go-grafana","method":"GET","path":"/metrics","status":200,"latency":0.888661,"time":"2026-02-03T08:37:39+07:00","message":"http_request"}
{"level":"info","service":"go-grafana","method":"GET","path":"/metrics","status":200,"latency":0.854875,"time":"2026-02-03T08:37:49+07:00","message":"http_request"}
{"level":"info","service":"go-grafana","method":"GET","path":"/metrics","status":200,"latency":1.977981,"time":"2026-02-03T08:37:59+07:00","message":"http_request"}
{"level":"info","service":"go-grafana","method":"GET","path":"/metrics","status":200,"latency":0.965097,"time":"2026-02-03T08:38:09+07:00","message":"http_request"}
{"level":"info","service":"go-grafana","method":"GET","path":"/metrics","status":200,"latency":1.85833,"time":"2026-02-03T08:38:19+07:00","message":"http_request"}
{"level":"info","service":"go-grafana","method":"GET","path":"/metrics","status":200,"latency":2.246212,"time":"2026-02-03T08:38:29+07:00","message":"http_request"}
{"level":"info","service":"go-grafana","method":"GET","path":"/metrics","status":200,"latency":4.313479,"time":"2026-02-03T08:38:39+07:00","message":"http_request"}
{"level":"info","service":"go-grafana","method":"GET","path":"/metrics","status":200,"latency":0.884024,"time":"2026-02-03T08:38:49+07:00","message":"http_request"}
{"level":"info","service":"go-grafana","method":"GET","path":"/metrics","status":200,"latency":1.526991,"time":"2026-02-03T08:38:59+07:00","message":"http_request"}
{"level":"info","service":"go-grafana","method":"GET","path":"/metrics","status":200,"latency":2.009983,"time":"2026-02-03T08:39:09+07:00","message":"http_request"}
{"level":"info","service":"go-grafana","method":"GET","path":"/metrics","status":200,"latency":1.756021,"time":"2026-02-03T08:39:19+07:00","message":"http_request"}
{"level":"info","service":"go-grafana","method":"GET","path":"/metrics","status":200,"latency":2.044724,"time":"2026-02-03T08:39:29+07:00","message":"http_request"}
{"level":"info","service":"go-grafana","method":"GET","path":"/metrics","status":200,"latency":1.444733,"time":"2026-02-03T08:39:39+07:00","message":"http_request"}
{"level":"info","service":"go-grafana","method":"GET","path":"/metrics","status":200,"latency":2.028868,"time":"2026-02-03T08:39:49+07:00","message":"http_request"}
{"level":"info","service":"go-grafana","method":"GET","path":"/metrics","status":200,"latency":1.947399,"time":"2026-02-03T08:39:59+07:00","message":"http_request"}
{"level":"info","service":"go-grafana","method":"GET","path":"/metrics","status":200,"latency":1.941822,"time":"2026-02-03T08:40:08+07:00","message":"http_request"}
{"level":"info","service":"go-grafana","method":"GET","path":"/metrics","status":200,"latency":3.087757,"time":"2026-02-03T08:40:18+07:00","message":"http_request"}
